<?xml version="1.0" encoding="UTF-8"?>
<testsuites name="TS1-IMDB" time="119.536" tests="3" failures="0" errors="0">
   <testsuite name="TS1-IMDB" tests="3" failures="0" errors="0" time="119.536" skipped="0" timestamp="06-03-2024T00:47:40" hostname="joris - DESKTOP-6JFGPOU" id="Test Suites/TS1-IMDB">
      <properties>
         <property name="deviceName" value=""/>
         <property name="devicePlatform" value=""/>
         <property name="logFolder" value="C:\\Users\\joris\\git\\FirstProject-Git\\KatalonPractice\\Reports\\20240306_004729\\TS1-IMDB\\20240306_004730"/>
         <property name="logFiles" value="C:\\Users\\joris\\git\\FirstProject-Git\\KatalonPractice\\Reports\\20240306_004729\\TS1-IMDB\\20240306_004730\\execution0.log"/>
         <property name="attachments" value=""/>
         <property name="hostName" value="joris - DESKTOP-6JFGPOU"/>
         <property name="os" value="Windows 11 64bit"/>
         <property name="katalonVersion" value="9.3.0.212"/>
         <property name="browser" value="Chrome 122.0.0.0"/>
         <property name="hostAddress" value="192.168.0.102"/>
         <property name="sessionId" value="c006fc30c1e4f8dc6fad09420a142501"/>
         <property name="seleniumVersion" value="3.141.59"/>
         <property name="proxyInformation" value="ProxyInformation { proxyOption=NO_PROXY, proxyServerType=HTTP, username=, password=********, proxyServerAddress=, proxyServerPort=0, executionList=&quot;&quot;, isApplyToDesiredCapabilities=true }"/>
         <property name="platform" value="Windows 11"/>
      </properties>
      <testcase name="Test Cases/IMDB Website automation/TC1_AccessIMDB" time="37.281" classname="Test Cases/IMDB Website automation/TC1_AccessIMDB" status="PASSED">
         <system-out><![CDATA[06-03-2024T00:47:41 - [TEST_CASE][PASSED] - Test Cases/IMDB Website automation/TC1_AccessIMDB: Test Cases/IMDB Website automation/TC1_AccessIMDB

06-03-2024T00:47:42 - [TEST_STEP][PASSED] - openBrowser(""): Browser is opened with url: ''

06-03-2024T00:47:42 - [MESSAGE][INFO] - Starting 'Chrome' driver

06-03-2024T00:47:43 - [MESSAGE][INFO] - Action delay is set to 0 milliseconds

06-03-2024T00:47:46 - [MESSAGE][PASSED] - Browser is opened with url: ''

06-03-2024T00:47:46 - [TEST_STEP][PASSED] - navigateToUrl("https://www.imdb.com/"): Navigate to 'https://www.imdb.com/' successfully

06-03-2024T00:47:47 - [MESSAGE][PASSED] - Navigate to 'https://www.imdb.com/' successfully

06-03-2024T00:47:47 - [TEST_STEP][PASSED] - maximizeWindow(): Current window maximized

06-03-2024T00:48:18 - [MESSAGE][PASSED] - Current window maximized

06-03-2024T00:48:18 - [TEST_STEP][PASSED] - verifyElementPresent(findTestObject("Object Repository/IMDB/Home page/a_Espaol (Mxico)_home_img_holder"), 2): Object 'Object Repository/IMDB/Home page/a_Espaol (Mxico)_home_img_holder' is present

06-03-2024T00:48:18 - [MESSAGE][PASSED] - Object 'Object Repository/IMDB/Home page/a_Espaol (Mxico)_home_img_holder' is present]]></system-out>
         <system-err><![CDATA[]]></system-err>
      </testcase>
      <testcase name="Test Cases/IMDB Website automation/TC2_Search for a movie name" time="40.702" classname="Test Cases/IMDB Website automation/TC2_Search for a movie name" status="PASSED">
         <system-out><![CDATA[06-03-2024T00:48:18 - [TEST_CASE][PASSED] - Test Cases/IMDB Website automation/TC2_Search for a movie name: Test Cases/IMDB Website automation/TC2_Search for a movie name

06-03-2024T00:48:18 - [TEST_STEP][PASSED] - callTestCase(findTestCase("IMDB Website automation/TC1_AccessIMDB"), [:], STOP_ON_FAILURE): Call Test Case 'Test Cases/IMDB Website automation/TC1_AccessIMDB' successfully

06-03-2024T00:48:19 - [TEST_CASE][PASSED] - Test Cases/IMDB Website automation/TC1_AccessIMDB: Test Cases/IMDB Website automation/TC1_AccessIMDB

06-03-2024T00:48:19 - [TEST_STEP][PASSED] - openBrowser(""): Browser is opened with url: ''

06-03-2024T00:48:19 - [MESSAGE][WARNING] - A browser is already opened. Closing browser and opening a new one

06-03-2024T00:48:19 - [MESSAGE][INFO] - Starting 'Chrome' driver

06-03-2024T00:48:19 - [MESSAGE][INFO] - Action delay is set to 0 milliseconds

06-03-2024T00:48:20 - [MESSAGE][PASSED] - Browser is opened with url: ''

06-03-2024T00:48:20 - [TEST_STEP][PASSED] - navigateToUrl("https://www.imdb.com/"): Navigate to 'https://www.imdb.com/' successfully

06-03-2024T00:48:21 - [MESSAGE][PASSED] - Navigate to 'https://www.imdb.com/' successfully

06-03-2024T00:48:21 - [TEST_STEP][PASSED] - maximizeWindow(): Current window maximized

06-03-2024T00:48:51 - [MESSAGE][PASSED] - Current window maximized

06-03-2024T00:48:51 - [TEST_STEP][PASSED] - verifyElementPresent(findTestObject("Object Repository/IMDB/Home page/a_Espaol (Mxico)_home_img_holder"), 2): Object 'Object Repository/IMDB/Home page/a_Espaol (Mxico)_home_img_holder' is present

06-03-2024T00:48:51 - [MESSAGE][PASSED] - Object 'Object Repository/IMDB/Home page/a_Espaol (Mxico)_home_img_holder' is present

06-03-2024T00:48:51 - [MESSAGE][PASSED] - Call Test Case 'Test Cases/IMDB Website automation/TC1_AccessIMDB' successfully

06-03-2024T00:48:51 - [TEST_STEP][PASSED] - setText(findTestObject("IMDB/Home page/input_Advanced Search_q"), "Otto"): Text 'Otto' is set on object 'Object Repository/IMDB/Home page/input_Advanced Search_q'

06-03-2024T00:48:53 - [MESSAGE][PASSED] - Text 'Otto' is set on object 'Object Repository/IMDB/Home page/input_Advanced Search_q'

06-03-2024T00:48:53 - [TEST_STEP][PASSED] - click(findTestObject("Object Repository/IMDB/Home page/svg_Advanced Search_ipc-icon ipc-icon--magnify")): Object: 'Object Repository/IMDB/Home page/svg_Advanced Search_ipc-icon ipc-icon--magnify' is clicked on

06-03-2024T00:48:57 - [MESSAGE][PASSED] - Object: 'Object Repository/IMDB/Home page/svg_Advanced Search_ipc-icon ipc-icon--magnify' is clicked on

06-03-2024T00:48:57 - [TEST_STEP][PASSED] - waitForPageLoad(5): Wait for page load successfully

06-03-2024T00:48:58 - [MESSAGE][PASSED] - Wait for page load successfully

06-03-2024T00:48:58 - [TEST_STEP][PASSED] - verifyTextPresent("A Man Called Otto", false): Text 'A Man Called Otto' is present on page 

06-03-2024T00:48:59 - [MESSAGE][PASSED] - Text 'A Man Called Otto' is present on page 

06-03-2024T00:48:59 - [TEST_STEP][PASSED] - closeBrowser(): Browser is closed

06-03-2024T00:48:59 - [MESSAGE][PASSED] - Browser is closed]]></system-out>
         <system-err><![CDATA[]]></system-err>
      </testcase>
      <testcase name="Test Cases/IMDB Website automation/TC3_Access Menu" time="41.027" classname="Test Cases/IMDB Website automation/TC3_Access Menu" status="PASSED">
         <system-out><![CDATA[06-03-2024T00:48:59 - [TEST_CASE][PASSED] - Test Cases/IMDB Website automation/TC3_Access Menu: Test Cases/IMDB Website automation/TC3_Access Menu

06-03-2024T00:48:59 - [TEST_STEP][PASSED] - callTestCase(findTestCase("IMDB Website automation/TC1_AccessIMDB"), [:], STOP_ON_FAILURE): Call Test Case 'Test Cases/IMDB Website automation/TC1_AccessIMDB' successfully

06-03-2024T00:48:59 - [TEST_CASE][PASSED] - Test Cases/IMDB Website automation/TC1_AccessIMDB: Test Cases/IMDB Website automation/TC1_AccessIMDB

06-03-2024T00:48:59 - [TEST_STEP][PASSED] - openBrowser(""): Browser is opened with url: ''

06-03-2024T00:48:59 - [MESSAGE][INFO] - Starting 'Chrome' driver

06-03-2024T00:48:59 - [MESSAGE][INFO] - Action delay is set to 0 milliseconds

06-03-2024T00:49:00 - [MESSAGE][PASSED] - Browser is opened with url: ''

06-03-2024T00:49:00 - [TEST_STEP][PASSED] - navigateToUrl("https://www.imdb.com/"): Navigate to 'https://www.imdb.com/' successfully

06-03-2024T00:49:01 - [MESSAGE][PASSED] - Navigate to 'https://www.imdb.com/' successfully

06-03-2024T00:49:01 - [TEST_STEP][PASSED] - maximizeWindow(): Current window maximized

06-03-2024T00:49:36 - [MESSAGE][PASSED] - Current window maximized

06-03-2024T00:49:36 - [TEST_STEP][PASSED] - verifyElementPresent(findTestObject("Object Repository/IMDB/Home page/a_Espaol (Mxico)_home_img_holder"), 2): Object 'Object Repository/IMDB/Home page/a_Espaol (Mxico)_home_img_holder' is present

06-03-2024T00:49:37 - [MESSAGE][PASSED] - Object 'Object Repository/IMDB/Home page/a_Espaol (Mxico)_home_img_holder' is present

06-03-2024T00:49:37 - [MESSAGE][PASSED] - Call Test Case 'Test Cases/IMDB Website automation/TC1_AccessIMDB' successfully

06-03-2024T00:49:37 - [TEST_STEP][PASSED] - click(findTestObject("Object Repository/IMDB/Page_IMDb Ratings, Reviews, and Where to Wa_0644cb/Menu Hamburger")): Object: 'Object Repository/IMDB/Page_IMDb Ratings, Reviews, and Where to Wa_0644cb/Menu Hamburger' is clicked on

06-03-2024T00:49:37 - [MESSAGE][PASSED] - Object: 'Object Repository/IMDB/Page_IMDb Ratings, Reviews, and Where to Wa_0644cb/Menu Hamburger' is clicked on

06-03-2024T00:49:37 - [TEST_STEP][PASSED] - verifyElementVisible(findTestObject("Object Repository/IMDB/Page_IMDb Ratings, Reviews, and Where to Wa_0644cb/span_MoviesRelease")): Object 'Object Repository/IMDB/Page_IMDb Ratings, Reviews, and Where to Wa_0644cb/span_MoviesRelease' is visible

06-03-2024T00:49:38 - [MESSAGE][PASSED] - Object 'Object Repository/IMDB/Page_IMDb Ratings, Reviews, and Where to Wa_0644cb/span_MoviesRelease' is visible

06-03-2024T00:49:38 - [TEST_STEP][PASSED] - verifyElementPresent(findTestObject("Object Repository/IMDB/Page_IMDb Ratings, Reviews, and Where to Wa_0644cb/Movies div"), 1): Object 'Object Repository/IMDB/Page_IMDb Ratings, Reviews, and Where to Wa_0644cb/Movies div' is present

06-03-2024T00:49:40 - [MESSAGE][PASSED] - Object 'Object Repository/IMDB/Page_IMDb Ratings, Reviews, and Where to Wa_0644cb/Movies div' is present]]></system-out>
         <system-err><![CDATA[]]></system-err>
      </testcase>
      <system-out><![CDATA[06-03-2024T00:47:40 - [TEST_SUITE][PASSED] - TS1-IMDB: Test Cases/IMDB Website automation/TC3_Access Menu]]></system-out>
      <system-err><![CDATA[]]></system-err>
   </testsuite>
</testsuites>
